<?xml version="1.0" encoding="UTF-8"?>
<!-- Generated by org.testng.reporters.JUnitXMLReporter -->
<testsuite hostname="manojkumar-PC" name="Test" tests="5" failures="0" timestamp="15 Dec 2020 05:34:16 GMT" time="88.432" errors="0">
  <testcase name="testcase1" time="23.536" classname="testcases.TC_3"/>
  <testcase name="testcase1" time="17.691" classname="testcases.TC_4"/>
  <testcase name="testcase1" time="14.489" classname="testcases.TC_1"/>
  <testcase name="testcase1" time="15.146" classname="testcases.TC_2"/>
  <testcase name="testcase1" time="17.52" classname="testcases.TC_5"/>
</testsuite> <!-- Test -->
