<?xml version="1.0" encoding="UTF-8"?>
<testng-results skipped="0" failed="0" total="5" passed="5">
  <reporter-output>
  </reporter-output>
  <suite name="Suite" duration-ms="88432" started-at="2020-12-15T05:32:48Z" finished-at="2020-12-15T05:34:16Z">
    <groups>
    </groups>
    <test name="Test" duration-ms="88432" started-at="2020-12-15T05:32:48Z" finished-at="2020-12-15T05:34:16Z">
      <class name="testcases.TC_2">
        <test-method status="PASS" signature="testcase1()[pri:0, instance:testcases.TC_2@56f4468b]" name="testcase1" duration-ms="15146" started-at="2020-12-15T11:03:44Z" finished-at="2020-12-15T11:03:59Z">
          <reporter-output>
          </reporter-output>
        </test-method> <!-- testcase1 -->
      </class> <!-- testcases.TC_2 -->
      <class name="testcases.TC_1">
        <test-method status="PASS" signature="testcase1()[pri:0, instance:testcases.TC_1@5d5eef3d]" name="testcase1" duration-ms="14489" started-at="2020-12-15T11:03:29Z" finished-at="2020-12-15T11:03:44Z">
          <reporter-output>
          </reporter-output>
        </test-method> <!-- testcase1 -->
      </class> <!-- testcases.TC_1 -->
      <class name="testcases.TC_4">
        <test-method status="PASS" signature="testcase1()[pri:0, instance:testcases.TC_4@23ceabc1]" name="testcase1" duration-ms="17691" started-at="2020-12-15T11:03:11Z" finished-at="2020-12-15T11:03:29Z">
          <reporter-output>
          </reporter-output>
        </test-method> <!-- testcase1 -->
      </class> <!-- testcases.TC_4 -->
      <class name="testcases.TC_3">
        <test-method status="PASS" signature="testcase1()[pri:0, instance:testcases.TC_3@215be6bb]" name="testcase1" duration-ms="23536" started-at="2020-12-15T11:02:48Z" finished-at="2020-12-15T11:03:11Z">
          <reporter-output>
          </reporter-output>
        </test-method> <!-- testcase1 -->
      </class> <!-- testcases.TC_3 -->
      <class name="testcases.TC_5">
        <test-method status="PASS" signature="testcase1()[pri:0, instance:testcases.TC_5@6cc4c815]" name="testcase1" duration-ms="17520" started-at="2020-12-15T11:03:59Z" finished-at="2020-12-15T11:04:16Z">
          <reporter-output>
          </reporter-output>
        </test-method> <!-- testcase1 -->
      </class> <!-- testcases.TC_5 -->
    </test> <!-- Test -->
  </suite> <!-- Suite -->
</testng-results>
